<?xml version="1.0" encoding="UTF-8"?>
<testsuite xmlns:xsi="http://www.w3.org/2001/XMLSchema-instance" xsi:noNamespaceSchemaLocation="https://maven.apache.org/surefire/maven-surefire-plugin/xsd/surefire-test-report.xsd" name="TestSuite" time="25.346" tests="1" errors="0" skipped="0" failures="1">
  <properties>
[...]
</properties>
  <testcase name="feature" classname="runner.TestRunner" time="24.031">
    <failure message="org.openqa.selenium.NoSuchWindowException: Browsing context has been discarded&#10;Build info: version: &apos;3.141.59&apos;, revision: &apos;e82be7d358&apos;, time: &apos;2018-11-14T08:17:03&apos;&#10;System info: host: &apos;BERKAY&apos;, ip: &apos;192.168.199.1&apos;, os.name: &apos;Windows 10&apos;, os.arch: &apos;amd64&apos;, os.version: &apos;10.0&apos;, java.version: &apos;15.0.1&apos;&#10;Driver info: org.openqa.selenium.firefox.FirefoxDriver&#10;Capabilities {acceptInsecureCerts: true, browserName: firefox, browserVersion: 91.0.2, javascriptEnabled: true, moz:accessibilityChecks: false, moz:buildID: 20210823123856, moz:geckodriverVersion: 0.29.0, moz:headless: false, moz:processID: 26420, moz:profile: C:\Users\bdinc\AppData\Loca..., moz:shutdownTimeout: 60000, moz:useNonSpecCompliantPointerOrigin: false, moz:webdriverClick: true, pageLoadStrategy: normal, platform: WINDOWS, platformName: WINDOWS, platformVersion: 10.0, proxy: Proxy(), setWindowRect: true, strictFileInteractability: false, timeouts: {implicit: 0, pageLoad: 300000, script: 30000}, unhandledPromptBehavior: dismiss and notify}&#10;Session ID: 38ae5d63-a9bc-4048-96c3-3b93aba27e88" type="cucumber.runtime.CucumberException">cucumber.runtime.CucumberException: 
org.openqa.selenium.NoSuchWindowException: Browsing context has been discarded
Build info: version: '3.141.59', revision: 'e82be7d358', time: '2018-11-14T08:17:03'
System info: host: 'BERKAY', ip: '192.168.199.1', os.name: 'Windows 10', os.arch: 'amd64', os.version: '10.0', java.version: '15.0.1'
Driver info: org.openqa.selenium.firefox.FirefoxDriver
Capabilities {acceptInsecureCerts: true, browserName: firefox, browserVersion: 91.0.2, javascriptEnabled: true, moz:accessibilityChecks: false, moz:buildID: 20210823123856, moz:geckodriverVersion: 0.29.0, moz:headless: false, moz:processID: 26420, moz:profile: C:\Users\bdinc\AppData\Loca..., moz:shutdownTimeout: 60000, moz:useNonSpecCompliantPointerOrigin: false, moz:webdriverClick: true, pageLoadStrategy: normal, platform: WINDOWS, platformName: WINDOWS, platformVersion: 10.0, proxy: Proxy(), setWindowRect: true, strictFileInteractability: false, timeouts: {implicit: 0, pageLoad: 300000, script: 30000}, unhandledPromptBehavior: dismiss and notify}
Session ID: 38ae5d63-a9bc-4048-96c3-3b93aba27e88
	at runner.TestRunner.feature(TestRunner.java:40)
Caused by: org.openqa.selenium.NoSuchWindowException: 
Browsing context has been discarded
Build info: version: '3.141.59', revision: 'e82be7d358', time: '2018-11-14T08:17:03'
System info: host: 'BERKAY', ip: '192.168.199.1', os.name: 'Windows 10', os.arch: 'amd64', os.version: '10.0', java.version: '15.0.1'
Driver info: org.openqa.selenium.firefox.FirefoxDriver
Capabilities {acceptInsecureCerts: true, browserName: firefox, browserVersion: 91.0.2, javascriptEnabled: true, moz:accessibilityChecks: false, moz:buildID: 20210823123856, moz:geckodriverVersion: 0.29.0, moz:headless: false, moz:processID: 26420, moz:profile: C:\Users\bdinc\AppData\Loca..., moz:shutdownTimeout: 60000, moz:useNonSpecCompliantPointerOrigin: false, moz:webdriverClick: true, pageLoadStrategy: normal, platform: WINDOWS, platformName: WINDOWS, platformVersion: 10.0, proxy: Proxy(), setWindowRect: true, strictFileInteractability: false, timeouts: {implicit: 0, pageLoad: 300000, script: 30000}, unhandledPromptBehavior: dismiss and notify}
Session ID: 38ae5d63-a9bc-4048-96c3-3b93aba27e88
</failure>
    <system-out><![CDATA[Feature: Giriş, Butik Kontrol, Ürün Seçimi, Çıkış
The page under test has 83 images
https://cdn.dsmcdn.com/web/logo/ty-logo.svg >> 200>>OK
https://cdn.dsmcdn.com/web/production/placeholderSmall.png >> 200>>OK
https://cdn.dsmcdn.com/web/production/placeholderSmall.png >> 200>>OK
https://cdn.dsmcdn.com/web/production/placeholderSmall.png >> 200>>OK
https://cdn.dsmcdn.com/web/production/placeholderSmall.png >> 200>>OK
https://cdn.dsmcdn.com/web/production/placeholderSmall.png >> 200>>OK
https://cdn.dsmcdn.com/web/production/placeholderSmall.png >> 200>>OK
https://cdn.dsmcdn.com/web/production/placeholderSmall.png >> 200>>OK
https://cdn.dsmcdn.com/web/production/placeholderSmall.png >> 200>>OK
https://cdn.dsmcdn.com/web/production/placeholderSmall.png >> 200>>OK
https://cdn.dsmcdn.com/web/production/placeholderSmall.png >> 200>>OK
https://cdn.dsmcdn.com/web/production/placeholderSmall.png >> 200>>OK
https://cdn.dsmcdn.com/web/production/placeholderSmall.png >> 200>>OK
https://cdn.dsmcdn.com/web/production/placeholderSmall.png >> 200>>OK
https://cdn.dsmcdn.com/web/production/placeholderSmall.png >> 200>>OK
https://cdn.dsmcdn.com/web/production/placeholderSmall.png >> 200>>OK
https://cdn.dsmcdn.com/web/production/placeholderSmall.png >> 200>>OK
https://cdn.dsmcdn.com/web/production/placeholderSmall.png >> 200>>OK
https://cdn.dsmcdn.com/web/production/placeholderSmall.png >> 200>>OK
https://cdn.dsmcdn.com/web/production/placeholderSmall.png >> 200>>OK
https://cdn.dsmcdn.com/web/production/placeholderSmall.png >> 200>>OK
https://cdn.dsmcdn.com/web/production/placeholderSmall.png >> 200>>OK
https://cdn.dsmcdn.com/web/production/placeholderSmall.png >> 200>>OK
https://cdn.dsmcdn.com/web/production/placeholderSmall.png >> 200>>OK
https://cdn.dsmcdn.com/web/production/placeholderSmall.png >> 200>>OK
https://cdn.dsmcdn.com/web/production/placeholderSmall.png >> 200>>OK
https://cdn.dsmcdn.com/web/production/placeholderSmall.png >> 200>>OK
https://cdn.dsmcdn.com/web/production/placeholderSmall.png >> 200>>OK
https://cdn.dsmcdn.com/web/production/placeholderSmall.png >> 200>>OK
https://cdn.dsmcdn.com/marketing/datascience/Automation/BrandBoutique/2021/4/25/20210425_15551619355300_SanaOzel.png >> 200>>OK
https://cdn.dsmcdn.com/marketing/datascience/Automation/BrandBoutique/2021/4/25/20210425_15551619355311_SenDeAl.png >> 200>>OK
https://cdn.dsmcdn.com/marketing/datascience/automation/2020/12/30/EglenceWeb_202012301831.png >> 200>>OK
https://cdn.dsmcdn.com/marketing/datascience/Automation/BrandBoutique/2021/4/25/20210425_15561619355388_Trendyolmilla.png >> 200>>OK
Failure in after hook:TestBaseHooks.tearDown(Scenario)
Message: org.openqa.selenium.WebDriverException: Failed to decode response from marionette
Build info: version: '3.141.59', revision: 'e82be7d358', time: '2018-11-14T08:17:03'
System info: host: 'BERKAY', ip: '192.168.199.1', os.name: 'Windows 10', os.arch: 'amd64', os.version: '10.0', java.version: '15.0.1'
Driver info: org.openqa.selenium.firefox.FirefoxDriver
Capabilities {acceptInsecureCerts: true, browserName: firefox, browserVersion: 91.0.2, javascriptEnabled: true, moz:accessibilityChecks: false, moz:buildID: 20210823123856, moz:geckodriverVersion: 0.29.0, moz:headless: false, moz:processID: 26420, moz:profile: C:\Users\bdinc\AppData\Loca..., moz:shutdownTimeout: 60000, moz:useNonSpecCompliantPointerOrigin: false, moz:webdriverClick: true, pageLoadStrategy: normal, platform: WINDOWS, platformName: WINDOWS, platformVersion: 10.0, proxy: Proxy(), setWindowRect: true, strictFileInteractability: false, timeouts: {implicit: 0, pageLoad: 300000, script: 30000}, unhandledPromptBehavior: dismiss and notify}
Session ID: 38ae5d63-a9bc-4048-96c3-3b93aba27e88
	at java.base/jdk.internal.reflect.NativeConstructorAccessorImpl.newInstance0(Native Method)
	at java.base/jdk.internal.reflect.NativeConstructorAccessorImpl.newInstance(NativeConstructorAccessorImpl.java:64)
	at java.base/jdk.internal.reflect.DelegatingConstructorAccessorImpl.newInstance(DelegatingConstructorAccessorImpl.java:45)
	at java.base/java.lang.reflect.Constructor.newInstanceWithCaller(Constructor.java:500)
	at java.base/java.lang.reflect.Constructor.newInstance(Constructor.java:481)
	at org.openqa.selenium.remote.http.W3CHttpResponseCodec.createException(W3CHttpResponseCodec.java:187)
	at org.openqa.selenium.remote.http.W3CHttpResponseCodec.decode(W3CHttpResponseCodec.java:122)
	at org.openqa.selenium.remote.http.W3CHttpResponseCodec.decode(W3CHttpResponseCodec.java:49)
	at org.openqa.selenium.remote.HttpCommandExecutor.execute(HttpCommandExecutor.java:158)
	at org.openqa.selenium.remote.service.DriverCommandExecutor.execute(DriverCommandExecutor.java:83)
	at org.openqa.selenium.remote.RemoteWebDriver.execute(RemoteWebDriver.java:552)
	at org.openqa.selenium.remote.RemoteWebDriver.execute(RemoteWebDriver.java:609)
	at org.openqa.selenium.remote.RemoteWebDriver.getScreenshotAs(RemoteWebDriver.java:295)
	at step_definitions.TestBaseHooks.tearDown(TestBaseHooks.java:28)
	at java.base/jdk.internal.reflect.NativeMethodAccessorImpl.invoke0(Native Method)
	at java.base/jdk.internal.reflect.NativeMethodAccessorImpl.invoke(NativeMethodAccessorImpl.java:64)
	at java.base/jdk.internal.reflect.DelegatingMethodAccessorImpl.invoke(DelegatingMethodAccessorImpl.java:43)
	at java.base/java.lang.reflect.Method.invoke(Method.java:564)
	at cucumber.runtime.Utils$1.call(Utils.java:40)
	at cucumber.runtime.Timeout.timeout(Timeout.java:16)
	at cucumber.runtime.Utils.invoke(Utils.java:34)
	at cucumber.runtime.java.JavaHookDefinition.execute(JavaHookDefinition.java:60)
	at cucumber.runtime.Runtime.runHookIfTagsMatch(Runtime.java:224)
	at cucumber.runtime.Runtime.runHooks(Runtime.java:212)
	at cucumber.runtime.Runtime.runAfterHooks(Runtime.java:206)
	at cucumber.runtime.model.CucumberScenario.run(CucumberScenario.java:46)
	at cucumber.runtime.model.CucumberFeature.run(CucumberFeature.java:165)
	at cucumber.api.testng.TestNGCucumberRunner.runCucumber(TestNGCucumberRunner.java:63)
	at runner.TestRunner.feature(TestRunner.java:40)
	at java.base/jdk.internal.reflect.NativeMethodAccessorImpl.invoke0(Native Method)
	at java.base/jdk.internal.reflect.NativeMethodAccessorImpl.invoke(NativeMethodAccessorImpl.java:64)
	at java.base/jdk.internal.reflect.DelegatingMethodAccessorImpl.invoke(DelegatingMethodAccessorImpl.java:43)
	at java.base/java.lang.reflect.Method.invoke(Method.java:564)
	at org.testng.internal.MethodInvocationHelper.invokeMethod(MethodInvocationHelper.java:133)
	at org.testng.internal.TestInvoker.invokeMethod(TestInvoker.java:584)
	at org.testng.internal.TestInvoker.invokeTestMethod(TestInvoker.java:172)
	at org.testng.internal.MethodRunner.runInSequence(MethodRunner.java:46)
	at org.testng.internal.TestInvoker$MethodInvocationAgent.invoke(TestInvoker.java:804)
	at org.testng.internal.TestInvoker.invokeTestMethods(TestInvoker.java:145)
	at org.testng.internal.TestMethodWorker.invokeTestMethods(TestMethodWorker.java:146)
	at org.testng.internal.TestMethodWorker.run(TestMethodWorker.java:128)
	at java.base/java.util.ArrayList.forEach(ArrayList.java:1511)
	at org.testng.TestRunner.privateRun(TestRunner.java:770)
	at org.testng.TestRunner.run(TestRunner.java:591)
	at org.testng.SuiteRunner.runTest(SuiteRunner.java:402)
	at org.testng.SuiteRunner.access$000(SuiteRunner.java:41)
	at org.testng.SuiteRunner$SuiteWorker.run(SuiteRunner.java:443)
	at org.testng.internal.thread.ThreadUtil.lambda$execute$0(ThreadUtil.java:67)
	at java.base/java.util.concurrent.FutureTask.run(FutureTask.java:264)
	at java.base/java.util.concurrent.ThreadPoolExecutor.runWorker(ThreadPoolExecutor.java:1130)
	at java.base/java.util.concurrent.ThreadPoolExecutor$Worker.run(ThreadPoolExecutor.java:630)
	at java.base/java.lang.Thread.run(Thread.java:832)

      org.openqa.selenium.WebDriverException: Failed to decode response from marionette
      Build info: version: '3.141.59', revision: 'e82be7d358', time: '2018-11-14T08:17:03'
      System info: host: 'BERKAY', ip: '192.168.199.1', os.name: 'Windows 10', os.arch: 'amd64', os.version: '10.0', java.version: '15.0.1'
      Driver info: org.openqa.selenium.firefox.FirefoxDriver
      Capabilities {acceptInsecureCerts: true, browserName: firefox, browserVersion: 91.0.2, javascriptEnabled: true, moz:accessibilityChecks: false, moz:buildID: 20210823123856, moz:geckodriverVersion: 0.29.0, moz:headless: false, moz:processID: 26420, moz:profile: C:\Users\bdinc\AppData\Loca..., moz:shutdownTimeout: 60000, moz:useNonSpecCompliantPointerOrigin: false, moz:webdriverClick: true, pageLoadStrategy: normal, platform: WINDOWS, platformName: WINDOWS, platformVersion: 10.0, proxy: Proxy(), setWindowRect: true, strictFileInteractability: false, timeouts: {implicit: 0, pageLoad: 300000, script: 30000}, unhandledPromptBehavior: dismiss and notify}
      Session ID: 38ae5d63-a9bc-4048-96c3-3b93aba27e88
      	at java.base/jdk.internal.reflect.NativeConstructorAccessorImpl.newInstance0(Native Method)
      	at java.base/jdk.internal.reflect.NativeConstructorAccessorImpl.newInstance(NativeConstructorAccessorImpl.java:64)
      	at java.base/jdk.internal.reflect.DelegatingConstructorAccessorImpl.newInstance(DelegatingConstructorAccessorImpl.java:45)
      	at java.base/java.lang.reflect.Constructor.newInstanceWithCaller(Constructor.java:500)
      	at java.base/java.lang.reflect.Constructor.newInstance(Constructor.java:481)
      	at org.openqa.selenium.remote.http.W3CHttpResponseCodec.createException(W3CHttpResponseCodec.java:187)
      	at org.openqa.selenium.remote.http.W3CHttpResponseCodec.decode(W3CHttpResponseCodec.java:122)
      	at org.openqa.selenium.remote.http.W3CHttpResponseCodec.decode(W3CHttpResponseCodec.java:49)
      	at org.openqa.selenium.remote.HttpCommandExecutor.execute(HttpCommandExecutor.java:158)
      	at org.openqa.selenium.remote.service.DriverCommandExecutor.execute(DriverCommandExecutor.java:83)
      	at org.openqa.selenium.remote.RemoteWebDriver.execute(RemoteWebDriver.java:552)
      	at org.openqa.selenium.remote.RemoteWebDriver.execute(RemoteWebDriver.java:609)
      	at org.openqa.selenium.remote.RemoteWebDriver.getScreenshotAs(RemoteWebDriver.java:295)
      	at step_definitions.TestBaseHooks.tearDown(TestBaseHooks.java:28)
      	at java.base/jdk.internal.reflect.NativeMethodAccessorImpl.invoke0(Native Method)
      	at java.base/jdk.internal.reflect.NativeMethodAccessorImpl.invoke(NativeMethodAccessorImpl.java:64)
      	at java.base/jdk.internal.reflect.DelegatingMethodAccessorImpl.invoke(DelegatingMethodAccessorImpl.java:43)
      	at java.base/java.lang.reflect.Method.invoke(Method.java:564)
      	at cucumber.runtime.Utils$1.call(Utils.java:40)
      	at cucumber.runtime.Timeout.timeout(Timeout.java:16)
      	at cucumber.runtime.Utils.invoke(Utils.java:34)
      	at cucumber.runtime.java.JavaHookDefinition.execute(JavaHookDefinition.java:60)
      	at cucumber.runtime.Runtime.runHookIfTagsMatch(Runtime.java:224)
      	at cucumber.runtime.Runtime.runHooks(Runtime.java:212)
      	at cucumber.runtime.Runtime.runAfterHooks(Runtime.java:206)
      	at cucumber.runtime.model.CucumberScenario.run(CucumberScenario.java:46)
      	at cucumber.runtime.model.CucumberFeature.run(CucumberFeature.java:165)
      	at cucumber.api.testng.TestNGCucumberRunner.runCucumber(TestNGCucumberRunner.java:63)
      	at runner.TestRunner.feature(TestRunner.java:40)
      	at java.base/jdk.internal.reflect.NativeMethodAccessorImpl.invoke0(Native Method)
      	at java.base/jdk.internal.reflect.NativeMethodAccessorImpl.invoke(NativeMethodAccessorImpl.java:64)
      	at java.base/jdk.internal.reflect.DelegatingMethodAccessorImpl.invoke(DelegatingMethodAccessorImpl.java:43)
      	at java.base/java.lang.reflect.Method.invoke(Method.java:564)
      	at org.testng.internal.MethodInvocationHelper.invokeMethod(MethodInvocationHelper.java:133)
      	at org.testng.internal.TestInvoker.invokeMethod(TestInvoker.java:584)
      	at org.testng.internal.TestInvoker.invokeTestMethod(TestInvoker.java:172)
      	at org.testng.internal.MethodRunner.runInSequence(MethodRunner.java:46)
      	at org.testng.internal.TestInvoker$MethodInvocationAgent.invoke(TestInvoker.java:804)
      	at org.testng.internal.TestInvoker.invokeTestMethods(TestInvoker.java:145)
      	at org.testng.internal.TestMethodWorker.invokeTestMethods(TestMethodWorker.java:146)
      	at org.testng.internal.TestMethodWorker.run(TestMethodWorker.java:128)
      	at java.base/java.util.ArrayList.forEach(ArrayList.java:1511)
      	at org.testng.TestRunner.privateRun(TestRunner.java:770)
      	at org.testng.TestRunner.run(TestRunner.java:591)
      	at org.testng.SuiteRunner.runTest(SuiteRunner.java:402)
      	at org.testng.SuiteRunner.access$000(SuiteRunner.java:41)
      	at org.testng.SuiteRunner$SuiteWorker.run(SuiteRunner.java:443)
      	at org.testng.internal.thread.ThreadUtil.lambda$execute$0(ThreadUtil.java:67)
      	at java.base/java.util.concurrent.FutureTask.run(FutureTask.java:264)
      	at java.base/java.util.concurrent.ThreadPoolExecutor.runWorker(ThreadPoolExecutor.java:1130)
      	at java.base/java.util.concurrent.ThreadPoolExecutor$Worker.run(ThreadPoolExecutor.java:630)
      	at java.base/java.lang.Thread.run(Thread.java:832)


  Scenario: Trendyol sitesinde butik kontrolleri ve sepete ürün eklenmesi # UrunKontrol.feature:3
    Given Kullanıcı, Trendyol anasayfasını açar                           # HomePageStep.kullanıcı_Trendyol_anasayfasını_açar()
    Then Çıkan reklam kapatılır                                           # HomePageStep.çıkan_reklam_kapatılır()
    And Kullanıcı, Trendyol Başlık ve GirişYap bilgisini görür            # HomePageStep.kullanıcı_Trendyol_Başlık_ve_GirişYap_bilgisini_görür()
    Then Giriş yap butonuna basar                                         # HomePageStep.giriş_yap_butonuna_basar()
    When Kullanıcı ve Şifre ile sisteme giriş yapar                       # HomePageStep.kullanıcı_ve_Şifre_ile_sisteme_giriş_yapar()
    Then KADIN tabına basar                                               # ButikControlSteps.kadın_tabına_basar()
    And Butik imajları kontrol eder                                       # ButikControlSteps.butik_imajları_kontrol_eder()
      org.openqa.selenium.NoSuchWindowException: Browsing context has been discarded
      Build info: version: '3.141.59', revision: 'e82be7d358', time: '2018-11-14T08:17:03'
      System info: host: 'BERKAY', ip: '192.168.199.1', os.name: 'Windows 10', os.arch: 'amd64', os.version: '10.0', java.version: '15.0.1'
      Driver info: org.openqa.selenium.firefox.FirefoxDriver
      Capabilities {acceptInsecureCerts: true, browserName: firefox, browserVersion: 91.0.2, javascriptEnabled: true, moz:accessibilityChecks: false, moz:buildID: 20210823123856, moz:geckodriverVersion: 0.29.0, moz:headless: false, moz:processID: 26420, moz:profile: C:\Users\bdinc\AppData\Loca..., moz:shutdownTimeout: 60000, moz:useNonSpecCompliantPointerOrigin: false, moz:webdriverClick: true, pageLoadStrategy: normal, platform: WINDOWS, platformName: WINDOWS, platformVersion: 10.0, proxy: Proxy(), setWindowRect: true, strictFileInteractability: false, timeouts: {implicit: 0, pageLoad: 300000, script: 30000}, unhandledPromptBehavior: dismiss and notify}
      Session ID: 38ae5d63-a9bc-4048-96c3-3b93aba27e88
      	at java.base/jdk.internal.reflect.NativeConstructorAccessorImpl.newInstance0(Native Method)
      	at java.base/jdk.internal.reflect.NativeConstructorAccessorImpl.newInstance(NativeConstructorAccessorImpl.java:64)
      	at java.base/jdk.internal.reflect.DelegatingConstructorAccessorImpl.newInstance(DelegatingConstructorAccessorImpl.java:45)
      	at java.base/java.lang.reflect.Constructor.newInstanceWithCaller(Constructor.java:500)
      	at java.base/java.lang.reflect.Constructor.newInstance(Constructor.java:481)
      	at org.openqa.selenium.remote.http.W3CHttpResponseCodec.createException(W3CHttpResponseCodec.java:187)
      	at org.openqa.selenium.remote.http.W3CHttpResponseCodec.decode(W3CHttpResponseCodec.java:122)
      	at org.openqa.selenium.remote.http.W3CHttpResponseCodec.decode(W3CHttpResponseCodec.java:49)
      	at org.openqa.selenium.remote.HttpCommandExecutor.execute(HttpCommandExecutor.java:158)
      	at org.openqa.selenium.remote.service.DriverCommandExecutor.execute(DriverCommandExecutor.java:83)
      	at org.openqa.selenium.remote.RemoteWebDriver.execute(RemoteWebDriver.java:552)
      	at org.openqa.selenium.remote.RemoteWebElement.execute(RemoteWebElement.java:285)
      	at org.openqa.selenium.remote.RemoteWebElement.getAttribute(RemoteWebElement.java:134)
      	at pages.LoginPage.controlImg(LoginPage.java:42)
      	at step_definitions.ButikControlSteps.butik_imajları_kontrol_eder(ButikControlSteps.java:23)
      	at ?.And Butik imajları kontrol eder(UrunKontrol.feature:10)

    Then ERKEK tabına basar                                               # ButikControlSteps.erkek_tabına_basar()
    And Butik imajları kontrol eder                                       # ButikControlSteps.butik_imajları_kontrol_eder()
    Then ÇOCUK tabına basar                                               # ButikControlSteps.çocuk_tabına_basar()
    And Butik imajları kontrol eder                                       # ButikControlSteps.butik_imajları_kontrol_eder()
    Then EV & YAŞAM tabına basar                                          # ButikControlSteps.ev_YAŞAM_tabına_basar()
    And Butik imajları kontrol eder                                       # ButikControlSteps.butik_imajları_kontrol_eder()
    Then SÜPERMARKET tabına basar                                         # ButikControlSteps.süpermarket_tabına_basar()
    And Butik imajları kontrol eder                                       # ButikControlSteps.butik_imajları_kontrol_eder()
    Then KOZMETİK tabına basar                                            # ButikControlSteps.kozmetik_tabına_basar()
    And Butik imajları kontrol eder                                       # ButikControlSteps.butik_imajları_kontrol_eder()
    Then AYAKKABI & ÇANTA tabına basar                                    # ButikControlSteps.ayakkabı_ÇANTA_tabına_basar()
    And Butik imajları kontrol eder                                       # ButikControlSteps.butik_imajları_kontrol_eder()
    Then SAAT & AKSESUAR tabına basar                                     # ButikControlSteps.saat_AKSESUAR_tabına_basar()
    And Butik imajları kontrol eder                                       # ButikControlSteps.butik_imajları_kontrol_eder()
    Then ELEKTRONİK tabına basar                                          # ButikControlSteps.elektronik_tabına_basar()
    And Butik imajları kontrol eder                                       # ButikControlSteps.butik_imajları_kontrol_eder()
    Then SPOR&OUTDOOR tabına basar                                        # ButikControlSteps.spor_OUTDOOR_tabına_basar()
    And Butik imajları kontrol eder                                       # ButikControlSteps.butik_imajları_kontrol_eder()
    Then Rastgele bir butik seçer
    And Ürün görsellerini kontrol eder
    Then Herhangi bir ürünün detayına gider
    And Ürünü sepete ekler
    And Kullanıcı, çıkış yapar
]]></system-out>
    <system-err><![CDATA[1630844029862	geckodriver	INFO	Listening on 127.0.0.1:17379
1630844030711	mozrunner::runner	INFO	Running command: "C:\\Program Files\\Mozilla Firefox\\firefox.exe" "--marionette" "-foreground" "-no-remote" "-profile" "C:\\Users\\bdinc\\AppData\\Local\\Temp\\rust_mozprofileim6tz2"
1630844031327	Marionette	INFO	Marionette enabled
console.warn: SearchSettings: "get: No settings file exists, new profile?" (new NotFoundError("Could not open the file at C:\\Users\\bdinc\\AppData\\Local\\Temp\\rust_mozprofileim6tz2\\search.json.mozlz4", (void 0)))
1630844035398	Marionette	INFO	Listening on port 60898
1630844035569	RemoteAgent	WARN	TLS certificate errors will be ignored for this session
Eyl 05, 2021 3:13:55 ÖS org.openqa.selenium.remote.ProtocolHandshake createSession
INFO: Detected dialect: W3C
log4j:WARN No appenders could be found for logger (pages.BasePage).
log4j:WARN Please initialize the log4j system properly.
log4j:WARN See http://logging.apache.org/log4j/1.2/faq.html#noconfig for more info.
JavaScript warning: https://www.googletagmanager.com/gtm.js?id=GTM-292J, line 286: unreachable code after return statement
JavaScript error: https://www.googletagmanager.com/gtm.js?id=GTM-292J, line 35: uncaught exception: [object Object]
JavaScript error: https://www.googletagmanager.com/gtm.js?id=GTM-292J, line 35: uncaught exception: [object Object]
JavaScript error: https://analytics.tiktok.com/i18n/pixel/events.js?sdkid=C2J4J0SQTD93QKDL0IA0&lib=ttq, line 3: ChunkLoadError: Loading chunk 1 failed.
(error: https://analytics.tiktok.com/i18n/pixel/identify.js)
JavaScript error: https://analytics.tiktok.com/i18n/pixel/events.js?sdkid=C2J4J0SQTD93QKDL0IA0&lib=ttq, line 3: ChunkLoadError: Loading chunk 1 failed.
(error: https://analytics.tiktok.com/i18n/pixel/identify.js)
JavaScript warning: https://www.googletagmanager.com/gtm.js?id=GTM-292J, line 286: unreachable code after return statement
JavaScript warning: https://www.googletagmanager.com/gtm.js?id=GTM-292J, line 286: unreachable code after return statement
JavaScript warning: https://www.googletagmanager.com/gtm.js?id=GTM-292J, line 286: unreachable code after return statement
1630844051569	Marionette	INFO	Stopped listening on port 60898
JavaScript error: resource:///modules/Interactions.jsm, line 209: NS_ERROR_FAILURE: Component returned failure code: 0x80004005 (NS_ERROR_FAILURE) [nsIUserIdleService.removeIdleObserver]
JavaScript error: chrome://remote/content/marionette/cert.js, line 55: NS_ERROR_NOT_AVAILABLE: Component returned failure code: 0x80040111 (NS_ERROR_NOT_AVAILABLE) [nsICertOverrideService.setDisableAllSecurityChecksAndLetAttackersInterceptMyData]

###!!! [Parent][RunMessage] Error: Channel closing: too late to send/recv, messages will be lost

]]></system-err>
  </testcase>
</testsuite>